[0820/234154.065:ERROR:process_memory_win.cc(73)] ReadMemory at 0x7ff6ef2a0000 of 64 bytes failed: Only part of a ReadProcessMemory or WriteProcessMemory request was completed. (0x12B)
[0820/234154.163:WARNING:pe_image_reader.cc(340)] could not read dos header from C:\Program Files (x86)\Google\Chrome\Application\chrome.exe
[0820/234154.164:ERROR:process_memory_win.cc(73)] ReadMemory at 0x7ffe28320000 of 64 bytes failed: Only part of a ReadProcessMemory or WriteProcessMemory request was completed. (0x12B)
[0820/234154.164:WARNING:pe_image_reader.cc(340)] could not read dos header from C:\WINDOWS\SYSTEM32\ntdll.dll
[0820/234154.165:ERROR:process_memory_win.cc(73)] ReadMemory at 0x7ffe26260000 of 64 bytes failed: Only part of a ReadProcessMemory or WriteProcessMemory request was completed. (0x12B)
[0820/234154.166:WARNING:pe_image_reader.cc(340)] could not read dos header from C:\WINDOWS\System32\KERNEL32.DLL
[0820/234154.167:ERROR:process_memory_win.cc(73)] ReadMemory at 0x7ffe25100000 of 64 bytes failed: Only part of a ReadProcessMemory or WriteProcessMemory request was completed. (0x12B)
[0820/234154.167:WARNING:pe_image_reader.cc(340)] could not read dos header from C:\WINDOWS\System32\KERNELBASE.dll
[0820/234154.172:ERROR:process_memory_win.cc(73)] ReadMemory at 0x7ffdf6f10000 of 64 bytes failed: Only part of a ReadProcessMemory or WriteProcessMemory request was completed. (0x12B)
[0820/234154.172:WARNING:pe_image_reader.cc(340)] could not read dos header from C:\Program Files (x86)\Google\Chrome\Application\76.0.3809.100\chrome_elf.dll
[0820/234154.173:ERROR:process_memory_win.cc(73)] ReadMemory at 0x7ffe17a50000 of 64 bytes failed: Only part of a ReadProcessMemory or WriteProcessMemory request was completed. (0x12B)
[0820/234154.173:WARNING:pe_image_reader.cc(340)] could not read dos header from C:\WINDOWS\SYSTEM32\VERSION.dll
[0820/234154.173:ERROR:process_memory_win.cc(73)] ReadMemory at 0x7ffe26900000 of 64 bytes failed: Only part of a ReadProcessMemory or WriteProcessMemory request was completed. (0x12B)
[0820/234154.174:WARNING:pe_image_reader.cc(340)] could not read dos header from C:\WINDOWS\System32\msvcrt.dll
[0820/234154.174:ERROR:process_memory_win.cc(73)] ReadMemory at 0x7ffe25730000 of 64 bytes failed: Only part of a ReadProcessMemory or WriteProcessMemory request was completed. (0x12B)
[0820/234154.174:WARNING:pe_image_reader.cc(340)] could not read dos header from C:\WINDOWS\System32\bcryptPrimitives.dll
[0820/234154.175:ERROR:process_memory_win.cc(73)] ReadMemory at 0x7ffe269a0000 of 64 bytes failed: Only part of a ReadProcessMemory or WriteProcessMemory request was completed. (0x12B)
[0820/234154.175:WARNING:pe_image_reader.cc(340)] could not read dos header from C:\WINDOWS\System32\ADVAPI32.dll
[0820/234154.175:ERROR:process_memory_win.cc(73)] ReadMemory at 0x7ffe25f10000 of 64 bytes failed: Only part of a ReadProcessMemory or WriteProcessMemory request was completed. (0x12B)
[0820/234154.176:WARNING:pe_image_reader.cc(340)] could not read dos header from C:\WINDOWS\System32\sechost.dll
[0820/234154.176:ERROR:process_memory_win.cc(73)] ReadMemory at 0x7ffe25ae0000 of 64 bytes failed: Only part of a ReadProcessMemory or WriteProcessMemory request was completed. (0x12B)
[0820/234154.176:WARNING:pe_image_reader.cc(340)] could not read dos header from C:\WINDOWS\System32\RPCRT4.dll
[0820/234154.177:ERROR:process_memory_win.cc(73)] ReadMemory at 0x7ffdcffb0000 of 64 bytes failed: Only part of a ReadProcessMemory or WriteProcessMemory request was completed. (0x12B)
[0820/234154.177:WARNING:pe_image_reader.cc(340)] could not read dos header from C:\Program Files (x86)\Google\Chrome\Application\76.0.3809.100\chrome_child.dll
[0820/234154.177:ERROR:process_memory_win.cc(73)] ReadMemory at 0x7ffe25c10000 of 64 bytes failed: Only part of a ReadProcessMemory or WriteProcessMemory request was completed. (0x12B)
[0820/234154.177:WARNING:pe_image_reader.cc(340)] could not read dos header from C:\WINDOWS\System32\OLEAUT32.dll
[0820/234154.178:ERROR:process_memory_win.cc(73)] ReadMemory at 0x7ffe24740000 of 64 bytes failed: Only part of a ReadProcessMemory or WriteProcessMemory request was completed. (0x12B)
[0820/234154.178:WARNING:pe_image_reader.cc(340)] could not read dos header from C:\WINDOWS\System32\msvcp_win.dll
[0820/234154.179:ERROR:process_memory_win.cc(73)] ReadMemory at 0x7ffe247e0000 of 64 bytes failed: Only part of a ReadProcessMemory or WriteProcessMemory request was completed. (0x12B)
[0820/234154.179:WARNING:pe_image_reader.cc(340)] could not read dos header from C:\WINDOWS\System32\ucrtbase.dll
[0820/234154.180:ERROR:process_memory_win.cc(73)] ReadMemory at 0x7ffe26b00000 of 64 bytes failed: Only part of a ReadProcessMemory or WriteProcessMemory request was completed. (0x12B)
[0820/234154.180:WARNING:pe_image_reader.cc(340)] could not read dos header from C:\WINDOWS\System32\combase.dll
[0820/234154.180:ERROR:process_memory_win.cc(73)] ReadMemory at 0x7ffe25d80000 of 64 bytes failed: Only part of a ReadProcessMemory or WriteProcessMemory request was completed. (0x12B)
[0820/234154.180:WARNING:pe_image_reader.cc(340)] could not read dos header from C:\WINDOWS\System32\WS2_32.dll
[0820/234154.181:ERROR:process_memory_win.cc(73)] ReadMemory at 0x7ffe267d0000 of 64 bytes failed: Only part of a ReadProcessMemory or WriteProcessMemory request was completed. (0x12B)
[0820/234154.181:WARNING:pe_image_reader.cc(340)] could not read dos header from C:\WINDOWS\System32\GDI32.dll
[0820/234154.181:ERROR:process_memory_win.cc(73)] ReadMemory at 0x7ffe25590000 of 64 bytes failed: Only part of a ReadProcessMemory or WriteProcessMemory request was completed. (0x12B)
[0820/234154.182:WARNING:pe_image_reader.cc(340)] could not read dos header from C:\WINDOWS\System32\gdi32full.dll
[0820/234154.182:ERROR:process_memory_win.cc(73)] ReadMemory at 0x7ffe257b0000 of 64 bytes failed: Only part of a ReadProcessMemory or WriteProcessMemory request was completed. (0x12B)
[0820/234154.182:WARNING:pe_image_reader.cc(340)] could not read dos header from C:\WINDOWS\System32\USER32.dll
[0820/234154.182:ERROR:process_memory_win.cc(73)] ReadMemory at 0x7ffe25380000 of 64 bytes failed: Only part of a ReadProcessMemory or WriteProcessMemory request was completed. (0x12B)
[0820/234154.182:WARNING:pe_image_reader.cc(340)] could not read dos header from C:\WINDOWS\System32\win32u.dll
[0820/234154.183:ERROR:process_memory_win.cc(73)] ReadMemory at 0x7ffe248e0000 of 64 bytes failed: Only part of a ReadProcessMemory or WriteProcessMemory request was completed. (0x12B)
[0820/234154.183:WARNING:pe_image_reader.cc(340)] could not read dos header from C:\WINDOWS\System32\WINTRUST.dll
[0820/234154.183:ERROR:process_memory_win.cc(73)] ReadMemory at 0x7ffe246d0000 of 64 bytes failed: Only part of a ReadProcessMemory or WriteProcessMemory request was completed. (0x12B)
[0820/234154.183:WARNING:pe_image_reader.cc(340)] could not read dos header from C:\WINDOWS\System32\MSASN1.dll
[0820/234154.183:ERROR:process_memory_win.cc(73)] ReadMemory at 0x7ffe253a0000 of 64 bytes failed: Only part of a ReadProcessMemory or WriteProcessMemory request was completed. (0x12B)
[0820/234154.183:WARNING:pe_image_reader.cc(340)] could not read dos header from C:\WINDOWS\System32\CRYPT32.dll
[0820/234154.184:ERROR:process_memory_win.cc(73)] ReadMemory at 0x7ffe23ba0000 of 64 bytes failed: Only part of a ReadProcessMemory or WriteProcessMemory request was completed. (0x12B)
[0820/234154.184:WARNING:pe_image_reader.cc(340)] could not read dos header from C:\WINDOWS\SYSTEM32\IPHLPAPI.DLL
[0820/234154.184:ERROR:process_memory_win.cc(73)] ReadMemory at 0x7ffe22850000 of 64 bytes failed: Only part of a ReadProcessMemory or WriteProcessMemory request was completed. (0x12B)
[0820/234154.184:WARNING:pe_image_reader.cc(340)] could not read dos header from C:\WINDOWS\SYSTEM32\WINMM.dll
[0820/234154.184:ERROR:process_memory_win.cc(73)] ReadMemory at 0x7ffe24560000 of 64 bytes failed: Only part of a ReadProcessMemory or WriteProcessMemory request was completed. (0x12B)
[0820/234154.184:WARNING:pe_image_reader.cc(340)] could not read dos header from C:\WINDOWS\SYSTEM32\USERENV.dll
[0820/234154.185:ERROR:process_memory_win.cc(73)] ReadMemory at 0x7ffe24630000 of 64 bytes failed: Only part of a ReadProcessMemory or WriteProcessMemory request was completed. (0x12B)
[0820/234154.185:WARNING:pe_image_reader.cc(340)] could not read dos header from C:\WINDOWS\System32\profapi.dll
[0820/234154.185:ERROR:process_memory_win.cc(73)] ReadMemory at 0x7ffe19290000 of 64 bytes failed: Only part of a ReadProcessMemory or WriteProcessMemory request was completed. (0x12B)
[0820/234154.185:WARNING:pe_image_reader.cc(340)] could not read dos header from C:\WINDOWS\SYSTEM32\DWrite.dll
[0820/234154.186:ERROR:process_memory_win.cc(73)] ReadMemory at 0x7ffe177f0000 of 64 bytes failed: Only part of a ReadProcessMemory or WriteProcessMemory request was completed. (0x12B)
[0820/234154.186:WARNING:pe_image_reader.cc(340)] could not read dos header from C:\WINDOWS\SYSTEM32\WINSPOOL.DRV
[0820/234154.186:ERROR:process_memory_win.cc(73)] ReadMemory at 0x7ffe246b0000 of 64 bytes failed: Only part of a ReadProcessMemory or WriteProcessMemory request was completed. (0x12B)
[0820/234154.186:WARNING:pe_image_reader.cc(340)] could not read dos header from C:\WINDOWS\System32\kernel.appcore.dll
[0820/234154.186:ERROR:process_memory_win.cc(73)] ReadMemory at 0x7ffe16ac0000 of 64 bytes failed: Only part of a ReadProcessMemory or WriteProcessMemory request was completed. (0x12B)
[0820/234154.187:WARNING:pe_image_reader.cc(340)] could not read dos header from C:\WINDOWS\SYSTEM32\dbghelp.dll
[0820/234154.187:ERROR:process_memory_win.cc(73)] ReadMemory at 0x7ffe1c5b0000 of 64 bytes failed: Only part of a ReadProcessMemory or WriteProcessMemory request was completed. (0x12B)
[0820/234154.187:WARNING:pe_image_reader.cc(340)] could not read dos header from C:\WINDOWS\SYSTEM32\WINHTTP.dll
[0820/234154.187:ERROR:process_memory_win.cc(73)] ReadMemory at 0x7ffe17960000 of 64 bytes failed: Only part of a ReadProcessMemory or WriteProcessMemory request was completed. (0x12B)
[0820/234154.187:WARNING:pe_image_reader.cc(340)] could not read dos header from C:\WINDOWS\SYSTEM32\Secur32.dll
[0820/234154.187:ERROR:process_memory_win.cc(73)] ReadMemory at 0x7ffe1d730000 of 64 bytes failed: Only part of a ReadProcessMemory or WriteProcessMemory request was completed. (0x12B)
[0820/234154.187:WARNING:pe_image_reader.cc(340)] could not read dos header from C:\WINDOWS\SYSTEM32\dhcpcsvc.DLL
[0820/234154.188:ERROR:process_memory_win.cc(73)] ReadMemory at 0x7ffe25e70000 of 64 bytes failed: Only part of a ReadProcessMemory or WriteProcessMemory request was completed. (0x12B)
[0820/234154.188:WARNING:pe_image_reader.cc(340)] could not read dos header from C:\WINDOWS\System32\NSI.dll
[0820/234154.188:ERROR:process_memory_win.cc(73)] ReadMemory at 0x7ffe22820000 of 64 bytes failed: Only part of a ReadProcessMemory or WriteProcessMemory request was completed. (0x12B)
[0820/234154.188:WARNING:pe_image_reader.cc(340)] could not read dos header from C:\WINDOWS\SYSTEM32\WINMMBASE.dll
[0820/234154.188:ERROR:process_memory_win.cc(73)] ReadMemory at 0x7ffe246f0000 of 64 bytes failed: Only part of a ReadProcessMemory or WriteProcessMemory request was completed. (0x12B)
[0820/234154.188:WARNING:pe_image_reader.cc(340)] could not read dos header from C:\WINDOWS\System32\cfgmgr32.dll
[0820/234154.189:ERROR:process_memory_win.cc(73)] ReadMemory at 0x7ffe21540000 of 64 bytes failed: Only part of a ReadProcessMemory or WriteProcessMemory request was completed. (0x12B)
[0820/234154.189:WARNING:pe_image_reader.cc(340)] could not read dos header from C:\WINDOWS\SYSTEM32\PROPSYS.dll
[0820/234154.189:ERROR:process_memory_win.cc(73)] ReadMemory at 0x7ffe26a50000 of 64 bytes failed: Only part of a ReadProcessMemory or WriteProcessMemory request was completed. (0x12B)
[0820/234154.189:WARNING:pe_image_reader.cc(340)] could not read dos header from C:\WINDOWS\System32\shcore.dll
[0820/234154.189:ERROR:process_memory_win.cc(73)] ReadMemory at 0x7ffe24130000 of 64 bytes failed: Only part of a ReadProcessMemory or WriteProcessMemory request was completed. (0x12B)
[0820/234154.189:WARNING:pe_image_reader.cc(340)] could not read dos header from C:\WINDOWS\SYSTEM32\bcrypt.dll
[0820/234154.190:ERROR:process_memory_win.cc(73)] ReadMemory at 0x7ffe24530000 of 64 bytes failed: Only part of a ReadProcessMemory or WriteProcessMemory request was completed. (0x12B)
[0820/234154.190:WARNING:pe_image_reader.cc(340)] could not read dos header from C:\WINDOWS\SYSTEM32\SSPICLI.DLL
[0820/234154.190:ERROR:process_memory_win.cc(73)] ReadMemory at 0x7ffe25e80000 of 64 bytes failed: Only part of a ReadProcessMemory or WriteProcessMemory request was completed. (0x12B)
[0820/234154.190:WARNING:pe_image_reader.cc(340)] could not read dos header from C:\WINDOWS\System32\IMM32.DLL
[0820/234154.190:ERROR:process_memory_win.cc(73)] ReadMemory at 0x7ffe24020000 of 64 bytes failed: Only part of a ReadProcessMemory or WriteProcessMemory request was completed. (0x12B)
[0820/234154.190:WARNING:pe_image_reader.cc(340)] could not read dos header from C:\WINDOWS\SYSTEM32\CRYPTBASE.DLL
[0820/234154.190:ERROR:process_memory_win.cc(73)] ReadMemory at 0x7ff6ef2a0000 of 64 bytes failed: Only part of a ReadProcessMemory or WriteProcessMemory request was completed. (0x12B)
[0820/234154.191:WARNING:pe_image_reader.cc(340)] could not read dos header from C:\Program Files (x86)\Google\Chrome\Application\chrome.exe
[0820/234154.191:ERROR:process_memory_win.cc(73)] ReadMemory at 0x7ffe28320000 of 64 bytes failed: Only part of a ReadProcessMemory or WriteProcessMemory request was completed. (0x12B)
[0820/234154.191:WARNING:pe_image_reader.cc(340)] could not read dos header from C:\WINDOWS\SYSTEM32\ntdll.dll
[0820/234154.191:ERROR:process_memory_win.cc(73)] ReadMemory at 0x7ffe26260000 of 64 bytes failed: Only part of a ReadProcessMemory or WriteProcessMemory request was completed. (0x12B)
[0820/234154.191:WARNING:pe_image_reader.cc(340)] could not read dos header from C:\WINDOWS\System32\KERNEL32.DLL
[0820/234154.191:ERROR:process_memory_win.cc(73)] ReadMemory at 0x7ffe25100000 of 64 bytes failed: Only part of a ReadProcessMemory or WriteProcessMemory request was completed. (0x12B)
[0820/234154.191:WARNING:pe_image_reader.cc(340)] could not read dos header from C:\WINDOWS\System32\KERNELBASE.dll
[0820/234154.192:ERROR:process_memory_win.cc(73)] ReadMemory at 0x7ffdf6f10000 of 64 bytes failed: Only part of a ReadProcessMemory or WriteProcessMemory request was completed. (0x12B)
[0820/234154.192:WARNING:pe_image_reader.cc(340)] could not read dos header from C:\Program Files (x86)\Google\Chrome\Application\76.0.3809.100\chrome_elf.dll
[0820/234154.192:ERROR:process_memory_win.cc(73)] ReadMemory at 0x7ffe17a50000 of 64 bytes failed: Only part of a ReadProcessMemory or WriteProcessMemory request was completed. (0x12B)
[0820/234154.192:WARNING:pe_image_reader.cc(340)] could not read dos header from C:\WINDOWS\SYSTEM32\VERSION.dll
[0820/234154.192:ERROR:process_memory_win.cc(73)] ReadMemory at 0x7ffe26900000 of 64 bytes failed: Only part of a ReadProcessMemory or WriteProcessMemory request was completed. (0x12B)
[0820/234154.192:WARNING:pe_image_reader.cc(340)] could not read dos header from C:\WINDOWS\System32\msvcrt.dll
[0820/234154.193:ERROR:process_memory_win.cc(73)] ReadMemory at 0x7ffe25730000 of 64 bytes failed: Only part of a ReadProcessMemory or WriteProcessMemory request was completed. (0x12B)
[0820/234154.193:WARNING:pe_image_reader.cc(340)] could not read dos header from C:\WINDOWS\System32\bcryptPrimitives.dll
[0820/234154.193:ERROR:process_memory_win.cc(73)] ReadMemory at 0x7ffe269a0000 of 64 bytes failed: Only part of a ReadProcessMemory or WriteProcessMemory request was completed. (0x12B)
[0820/234154.193:WARNING:pe_image_reader.cc(340)] could not read dos header from C:\WINDOWS\System32\ADVAPI32.dll
[0820/234154.193:ERROR:process_memory_win.cc(73)] ReadMemory at 0x7ffe25f10000 of 64 bytes failed: Only part of a ReadProcessMemory or WriteProcessMemory request was completed. (0x12B)
[0820/234154.193:WARNING:pe_image_reader.cc(340)] could not read dos header from C:\WINDOWS\System32\sechost.dll
[0820/234154.193:ERROR:process_memory_win.cc(73)] ReadMemory at 0x7ffe25ae0000 of 64 bytes failed: Only part of a ReadProcessMemory or WriteProcessMemory request was completed. (0x12B)
[0820/234154.194:WARNING:pe_image_reader.cc(340)] could not read dos header from C:\WINDOWS\System32\RPCRT4.dll
[0820/234154.194:ERROR:process_memory_win.cc(73)] ReadMemory at 0x7ffdcffb0000 of 64 bytes failed: Only part of a ReadProcessMemory or WriteProcessMemory request was completed. (0x12B)
[0820/234154.194:WARNING:pe_image_reader.cc(340)] could not read dos header from C:\Program Files (x86)\Google\Chrome\Application\76.0.3809.100\chrome_child.dll
[0820/234154.194:ERROR:process_memory_win.cc(73)] ReadMemory at 0x7ffe25c10000 of 64 bytes failed: Only part of a ReadProcessMemory or WriteProcessMemory request was completed. (0x12B)
[0820/234154.194:WARNING:pe_image_reader.cc(340)] could not read dos header from C:\WINDOWS\System32\OLEAUT32.dll
[0820/234154.195:ERROR:process_memory_win.cc(73)] ReadMemory at 0x7ffe24740000 of 64 bytes failed: Only part of a ReadProcessMemory or WriteProcessMemory request was completed. (0x12B)
[0820/234154.195:WARNING:pe_image_reader.cc(340)] could not read dos header from C:\WINDOWS\System32\msvcp_win.dll
[0820/234154.195:ERROR:process_memory_win.cc(73)] ReadMemory at 0x7ffe247e0000 of 64 bytes failed: Only part of a ReadProcessMemory or WriteProcessMemory request was completed. (0x12B)
[0820/234154.195:WARNING:pe_image_reader.cc(340)] could not read dos header from C:\WINDOWS\System32\ucrtbase.dll
[0820/234154.195:ERROR:process_memory_win.cc(73)] ReadMemory at 0x7ffe26b00000 of 64 bytes failed: Only part of a ReadProcessMemory or WriteProcessMemory request was completed. (0x12B)
[0820/234154.195:WARNING:pe_image_reader.cc(340)] could not read dos header from C:\WINDOWS\System32\combase.dll
[0820/234154.195:ERROR:process_memory_win.cc(73)] ReadMemory at 0x7ffe25d80000 of 64 bytes failed: Only part of a ReadProcessMemory or WriteProcessMemory request was completed. (0x12B)
[0820/234154.196:WARNING:pe_image_reader.cc(340)] could not read dos header from C:\WINDOWS\System32\WS2_32.dll
[0820/234154.196:ERROR:process_memory_win.cc(73)] ReadMemory at 0x7ffe267d0000 of 64 bytes failed: Only part of a ReadProcessMemory or WriteProcessMemory request was completed. (0x12B)
[0820/234154.196:WARNING:pe_image_reader.cc(340)] could not read dos header from C:\WINDOWS\System32\GDI32.dll
[0820/234154.196:ERROR:process_memory_win.cc(73)] ReadMemory at 0x7ffe25590000 of 64 bytes failed: Only part of a ReadProcessMemory or WriteProcessMemory request was completed. (0x12B)
[0820/234154.196:WARNING:pe_image_reader.cc(340)] could not read dos header from C:\WINDOWS\System32\gdi32full.dll
[0820/234154.196:ERROR:process_memory_win.cc(73)] ReadMemory at 0x7ffe257b0000 of 64 bytes failed: Only part of a ReadProcessMemory or WriteProcessMemory request was completed. (0x12B)
[0820/234154.196:WARNING:pe_image_reader.cc(340)] could not read dos header from C:\WINDOWS\System32\USER32.dll
[0820/234154.212:ERROR:process_memory_win.cc(73)] ReadMemory at 0x7ffe25380000 of 64 bytes failed: Only part of a ReadProcessMemory or WriteProcessMemory request was completed. (0x12B)
[0820/234154.212:WARNING:pe_image_reader.cc(340)] could not read dos header from C:\WINDOWS\System32\win32u.dll
[0820/234154.212:ERROR:process_memory_win.cc(73)] ReadMemory at 0x7ffe248e0000 of 64 bytes failed: Only part of a ReadProcessMemory or WriteProcessMemory request was completed. (0x12B)
[0820/234154.213:WARNING:pe_image_reader.cc(340)] could not read dos header from C:\WINDOWS\System32\WINTRUST.dll
[0820/234154.213:ERROR:process_memory_win.cc(73)] ReadMemory at 0x7ffe246d0000 of 64 bytes failed: Only part of a ReadProcessMemory or WriteProcessMemory request was completed. (0x12B)
[0820/234154.213:WARNING:pe_image_reader.cc(340)] could not read dos header from C:\WINDOWS\System32\MSASN1.dll
[0820/234154.213:ERROR:process_memory_win.cc(73)] ReadMemory at 0x7ffe253a0000 of 64 bytes failed: Only part of a ReadProcessMemory or WriteProcessMemory request was completed. (0x12B)
[0820/234154.213:WARNING:pe_image_reader.cc(340)] could not read dos header from C:\WINDOWS\System32\CRYPT32.dll
[0820/234154.213:ERROR:process_memory_win.cc(73)] ReadMemory at 0x7ffe23ba0000 of 64 bytes failed: Only part of a ReadProcessMemory or WriteProcessMemory request was completed. (0x12B)
[0820/234154.213:WARNING:pe_image_reader.cc(340)] could not read dos header from C:\WINDOWS\SYSTEM32\IPHLPAPI.DLL
[0820/234154.213:ERROR:process_memory_win.cc(73)] ReadMemory at 0x7ffe22850000 of 64 bytes failed: Only part of a ReadProcessMemory or WriteProcessMemory request was completed. (0x12B)
[0820/234154.213:WARNING:pe_image_reader.cc(340)] could not read dos header from C:\WINDOWS\SYSTEM32\WINMM.dll
[0820/234154.213:ERROR:process_memory_win.cc(73)] ReadMemory at 0x7ffe24560000 of 64 bytes failed: Only part of a ReadProcessMemory or WriteProcessMemory request was completed. (0x12B)
[0820/234154.213:WARNING:pe_image_reader.cc(340)] could not read dos header from C:\WINDOWS\SYSTEM32\USERENV.dll
[0820/234154.213:ERROR:process_memory_win.cc(73)] ReadMemory at 0x7ffe24630000 of 64 bytes failed: Only part of a ReadProcessMemory or WriteProcessMemory request was completed. (0x12B)
[0820/234154.213:WARNING:pe_image_reader.cc(340)] could not read dos header from C:\WINDOWS\System32\profapi.dll
[0820/234154.213:ERROR:process_memory_win.cc(73)] ReadMemory at 0x7ffe19290000 of 64 bytes failed: Only part of a ReadProcessMemory or WriteProcessMemory request was completed. (0x12B)
[0820/234154.213:WARNING:pe_image_reader.cc(340)] could not read dos header from C:\WINDOWS\SYSTEM32\DWrite.dll
[0820/234154.213:ERROR:process_memory_win.cc(73)] ReadMemory at 0x7ffe177f0000 of 64 bytes failed: Only part of a ReadProcessMemory or WriteProcessMemory request was completed. (0x12B)
[0820/234154.214:WARNING:pe_image_reader.cc(340)] could not read dos header from C:\WINDOWS\SYSTEM32\WINSPOOL.DRV
[0820/234154.214:ERROR:process_memory_win.cc(73)] ReadMemory at 0x7ffe246b0000 of 64 bytes failed: Only part of a ReadProcessMemory or WriteProcessMemory request was completed. (0x12B)
[0820/234154.214:WARNING:pe_image_reader.cc(340)] could not read dos header from C:\WINDOWS\System32\kernel.appcore.dll
[0820/234154.214:ERROR:process_memory_win.cc(73)] ReadMemory at 0x7ffe16ac0000 of 64 bytes failed: Only part of a ReadProcessMemory or WriteProcessMemory request was completed. (0x12B)
[0820/234154.214:WARNING:pe_image_reader.cc(340)] could not read dos header from C:\WINDOWS\SYSTEM32\dbghelp.dll
[0820/234154.214:ERROR:process_memory_win.cc(73)] ReadMemory at 0x7ffe1c5b0000 of 64 bytes failed: Only part of a ReadProcessMemory or WriteProcessMemory request was completed. (0x12B)
[0820/234154.214:WARNING:pe_image_reader.cc(340)] could not read dos header from C:\WINDOWS\SYSTEM32\WINHTTP.dll
[0820/234154.214:ERROR:process_memory_win.cc(73)] ReadMemory at 0x7ffe17960000 of 64 bytes failed: Only part of a ReadProcessMemory or WriteProcessMemory request was completed. (0x12B)
[0820/234154.214:WARNING:pe_image_reader.cc(340)] could not read dos header from C:\WINDOWS\SYSTEM32\Secur32.dll
[0820/234154.214:ERROR:process_memory_win.cc(73)] ReadMemory at 0x7ffe1d730000 of 64 bytes failed: Only part of a ReadProcessMemory or WriteProcessMemory request was completed. (0x12B)
[0820/234154.214:WARNING:pe_image_reader.cc(340)] could not read dos header from C:\WINDOWS\SYSTEM32\dhcpcsvc.DLL
[0820/234154.214:ERROR:process_memory_win.cc(73)] ReadMemory at 0x7ffe25e70000 of 64 bytes failed: Only part of a ReadProcessMemory or WriteProcessMemory request was completed. (0x12B)
[0820/234154.214:WARNING:pe_image_reader.cc(340)] could not read dos header from C:\WINDOWS\System32\NSI.dll
[0820/234154.214:ERROR:process_memory_win.cc(73)] ReadMemory at 0x7ffe22820000 of 64 bytes failed: Only part of a ReadProcessMemory or WriteProcessMemory request was completed. (0x12B)
[0820/234154.214:WARNING:pe_image_reader.cc(340)] could not read dos header from C:\WINDOWS\SYSTEM32\WINMMBASE.dll
[0820/234154.214:ERROR:process_memory_win.cc(73)] ReadMemory at 0x7ffe246f0000 of 64 bytes failed: Only part of a ReadProcessMemory or WriteProcessMemory request was completed. (0x12B)
[0820/234154.214:WARNING:pe_image_reader.cc(340)] could not read dos header from C:\WINDOWS\System32\cfgmgr32.dll
[0820/234154.215:ERROR:process_memory_win.cc(73)] ReadMemory at 0x7ffe21540000 of 64 bytes failed: Only part of a ReadProcessMemory or WriteProcessMemory request was completed. (0x12B)
[0820/234154.215:WARNING:pe_image_reader.cc(340)] could not read dos header from C:\WINDOWS\SYSTEM32\PROPSYS.dll
[0820/234154.215:ERROR:process_memory_win.cc(73)] ReadMemory at 0x7ffe26a50000 of 64 bytes failed: Only part of a ReadProcessMemory or WriteProcessMemory request was completed. (0x12B)
[0820/234154.215:WARNING:pe_image_reader.cc(340)] could not read dos header from C:\WINDOWS\System32\shcore.dll
[0820/234154.215:ERROR:process_memory_win.cc(73)] ReadMemory at 0x7ffe24130000 of 64 bytes failed: Only part of a ReadProcessMemory or WriteProcessMemory request was completed. (0x12B)
[0820/234154.215:WARNING:pe_image_reader.cc(340)] could not read dos header from C:\WINDOWS\SYSTEM32\bcrypt.dll
[0820/234154.215:ERROR:process_memory_win.cc(73)] ReadMemory at 0x7ffe24530000 of 64 bytes failed: Only part of a ReadProcessMemory or WriteProcessMemory request was completed. (0x12B)
[0820/234154.215:WARNING:pe_image_reader.cc(340)] could not read dos header from C:\WINDOWS\SYSTEM32\SSPICLI.DLL
[0820/234154.215:ERROR:process_memory_win.cc(73)] ReadMemory at 0x7ffe25e80000 of 64 bytes failed: Only part of a ReadProcessMemory or WriteProcessMemory request was completed. (0x12B)
[0820/234154.215:WARNING:pe_image_reader.cc(340)] could not read dos header from C:\WINDOWS\System32\IMM32.DLL
[0820/234154.215:ERROR:process_memory_win.cc(73)] ReadMemory at 0x7ffe24020000 of 64 bytes failed: Only part of a ReadProcessMemory or WriteProcessMemory request was completed. (0x12B)
[0820/234154.215:WARNING:pe_image_reader.cc(340)] could not read dos header from C:\WINDOWS\SYSTEM32\CRYPTBASE.DLL
[0820/234154.268:ERROR:process_memory_win.cc(73)] ReadMemory at 0x5b91bf7000 of 36864 bytes failed: Only part of a ReadProcessMemory or WriteProcessMemory request was completed. (0x12B)
[0820/234154.268:ERROR:process_memory_win.cc(73)] ReadMemory at 0x5b91dfd000 of 12288 bytes failed: Only part of a ReadProcessMemory or WriteProcessMemory request was completed. (0x12B)
[0820/234154.269:ERROR:process_memory_win.cc(73)] ReadMemory at 0x5b91ff9000 of 28672 bytes failed: Only part of a ReadProcessMemory or WriteProcessMemory request was completed. (0x12B)
[0820/234154.269:ERROR:process_memory_win.cc(73)] ReadMemory at 0x5b921fd000 of 12288 bytes failed: Only part of a ReadProcessMemory or WriteProcessMemory request was completed. (0x12B)
[0820/234154.269:ERROR:process_memory_win.cc(73)] ReadMemory at 0x5b923fc000 of 16384 bytes failed: Only part of a ReadProcessMemory or WriteProcessMemory request was completed. (0x12B)
[0820/234154.269:ERROR:process_memory_win.cc(73)] ReadMemory at 0x5b925ff000 of 4096 bytes failed: Only part of a ReadProcessMemory or WriteProcessMemory request was completed. (0x12B)
[0820/234154.269:ERROR:process_memory_win.cc(73)] ReadMemory at 0x5b927fd000 of 12288 bytes failed: Only part of a ReadProcessMemory or WriteProcessMemory request was completed. (0x12B)
[0820/234154.270:ERROR:process_memory_win.cc(73)] ReadMemory at 0x5b929fb000 of 20480 bytes failed: Only part of a ReadProcessMemory or WriteProcessMemory request was completed. (0x12B)
[0820/234154.270:ERROR:process_memory_win.cc(73)] ReadMemory at 0x5b92dfd000 of 12288 bytes failed: Only part of a ReadProcessMemory or WriteProcessMemory request was completed. (0x12B)
[0820/234154.270:ERROR:process_memory_win.cc(73)] ReadMemory at 0x5b92ffd000 of 12288 bytes failed: Only part of a ReadProcessMemory or WriteProcessMemory request was completed. (0x12B)
[0820/234154.270:ERROR:process_memory_win.cc(73)] ReadMemory at 0x5b931fb000 of 20480 bytes failed: Only part of a ReadProcessMemory or WriteProcessMemory request was completed. (0x12B)
[0820/234154.270:ERROR:process_memory_win.cc(73)] ReadMemory at 0x5b933f6000 of 40960 bytes failed: Only part of a ReadProcessMemory or WriteProcessMemory request was completed. (0x12B)
[0820/234154.271:ERROR:process_memory_win.cc(73)] ReadMemory at 0x5b92bfe000 of 8192 bytes failed: Only part of a ReadProcessMemory or WriteProcessMemory request was completed. (0x12B)
[0820/234154.271:ERROR:process_memory_win.cc(73)] ReadMemory at 0x5b91893000 of 852 bytes failed: Only part of a ReadProcessMemory or WriteProcessMemory request was completed. (0x12B)
[0820/234154.271:ERROR:process_memory_win.cc(73)] ReadMemory at 0x5b91894000 of 6024 bytes failed: Only part of a ReadProcessMemory or WriteProcessMemory request was completed. (0x12B)
[0820/234154.271:ERROR:process_memory_win.cc(73)] ReadMemory at 0x5b91896000 of 6024 bytes failed: Only part of a ReadProcessMemory or WriteProcessMemory request was completed. (0x12B)
[0820/234154.271:ERROR:process_memory_win.cc(73)] ReadMemory at 0x5b91898000 of 6024 bytes failed: Only part of a ReadProcessMemory or WriteProcessMemory request was completed. (0x12B)
[0820/234154.272:ERROR:process_memory_win.cc(73)] ReadMemory at 0x5b9189a000 of 6024 bytes failed: Only part of a ReadProcessMemory or WriteProcessMemory request was completed. (0x12B)
[0820/234154.272:ERROR:process_memory_win.cc(73)] ReadMemory at 0x5b9189c000 of 6024 bytes failed: Only part of a ReadProcessMemory or WriteProcessMemory request was completed. (0x12B)
[0820/234154.272:ERROR:process_memory_win.cc(73)] ReadMemory at 0x5b9189e000 of 6024 bytes failed: Only part of a ReadProcessMemory or WriteProcessMemory request was completed. (0x12B)
[0820/234154.272:ERROR:process_memory_win.cc(73)] ReadMemory at 0x5b918a0000 of 6024 bytes failed: Only part of a ReadProcessMemory or WriteProcessMemory request was completed. (0x12B)
[0820/234154.272:ERROR:process_memory_win.cc(73)] ReadMemory at 0x5b918a2000 of 6024 bytes failed: Only part of a ReadProcessMemory or WriteProcessMemory request was completed. (0x12B)
[0820/234154.273:ERROR:process_memory_win.cc(73)] ReadMemory at 0x5b918a6000 of 6024 bytes failed: Only part of a ReadProcessMemory or WriteProcessMemory request was completed. (0x12B)
[0820/234154.273:ERROR:process_memory_win.cc(73)] ReadMemory at 0x5b918a8000 of 6024 bytes failed: Only part of a ReadProcessMemory or WriteProcessMemory request was completed. (0x12B)
[0820/234154.273:ERROR:process_memory_win.cc(73)] ReadMemory at 0x5b918aa000 of 6024 bytes failed: Only part of a ReadProcessMemory or WriteProcessMemory request was completed. (0x12B)
[0820/234154.273:ERROR:process_memory_win.cc(73)] ReadMemory at 0x5b918ac000 of 6024 bytes failed: Only part of a ReadProcessMemory or WriteProcessMemory request was completed. (0x12B)
[0820/234154.274:ERROR:process_memory_win.cc(73)] ReadMemory at 0x5b918ae000 of 6024 bytes failed: Only part of a ReadProcessMemory or WriteProcessMemory request was completed. (0x12B)
[0820/234154.274:ERROR:process_memory_win.cc(73)] ReadMemory at 0x2216791af60 of 512 bytes failed: Only part of a ReadProcessMemory or WriteProcessMemory request was completed. (0x12B)
[0820/234154.274:ERROR:process_memory_win.cc(73)] ReadMemory at 0x240ec690fc0 of 15042 bytes failed: Only part of a ReadProcessMemory or WriteProcessMemory request was completed. (0x12B)
[0820/234154.274:ERROR:process_memory_win.cc(73)] ReadMemory at 0x240ec694a90 of 1012 bytes failed: Only part of a ReadProcessMemory or WriteProcessMemory request was completed. (0x12B)
[0820/234154.306:ERROR:process_memory_win.cc(73)] ReadMemory at 0x240ec6950a8 of 118 bytes failed: Only part of a ReadProcessMemory or WriteProcessMemory request was completed. (0x12B)
[0820/234154.318:ERROR:process_memory_win.cc(73)] ReadMemory at 0x240ec695120 of 782 bytes failed: Only part of a ReadProcessMemory or WriteProcessMemory request was completed. (0x12B)
[0820/234154.318:ERROR:process_memory_win.cc(73)] ReadMemory at 0x240ec695430 of 118 bytes failed: Only part of a ReadProcessMemory or WriteProcessMemory request was completed. (0x12B)
[0820/234154.318:ERROR:process_memory_win.cc(73)] ReadMemory at 0x240ec6954a8 of 100 bytes failed: Only part of a ReadProcessMemory or WriteProcessMemory request was completed. (0x12B)
[0820/234154.319:ERROR:process_memory_win.cc(73)] ReadMemory at 0x240ec695520 of 58 bytes failed: Only part of a ReadProcessMemory or WriteProcessMemory request was completed. (0x12B)
[0820/234154.345:ERROR:process_memory_win.cc(73)] ReadMemory at 0x240ec695620 of 132 bytes failed: Only part of a ReadProcessMemory or WriteProcessMemory request was completed. (0x12B)
[0820/234154.346:ERROR:process_memory_win.cc(73)] ReadMemory at 0x240ec6957b0 of 132 bytes failed: Only part of a ReadProcessMemory or WriteProcessMemory request was completed. (0x12B)
[0820/234154.347:ERROR:process_memory_win.cc(73)] ReadMemory at 0x240ec695970 of 126 bytes failed: Only part of a ReadProcessMemory or WriteProcessMemory request was completed. (0x12B)
[0820/234154.347:ERROR:process_memory_win.cc(73)] ReadMemory at 0x240ec695d50 of 132 bytes failed: Only part of a ReadProcessMemory or WriteProcessMemory request was completed. (0x12B)
[0820/234154.348:ERROR:process_memory_win.cc(73)] ReadMemory at 0x240ec695ee0 of 64 bytes failed: Only part of a ReadProcessMemory or WriteProcessMemory request was completed. (0x12B)
[0820/234154.348:ERROR:process_memory_win.cc(73)] ReadMemory at 0x240ec695f30 of 132 bytes failed: Only part of a ReadProcessMemory or WriteProcessMemory request was completed. (0x12B)
[0820/234154.362:ERROR:process_memory_win.cc(73)] ReadMemory at 0x240ec6960a0 of 132 bytes failed: Only part of a ReadProcessMemory or WriteProcessMemory request was completed. (0x12B)
[0820/234154.406:ERROR:process_memory_win.cc(73)] ReadMemory at 0x240ec696330 of 132 bytes failed: Only part of a ReadProcessMemory or WriteProcessMemory request was completed. (0x12B)
[0820/234154.407:ERROR:process_memory_win.cc(73)] ReadMemory at 0x240ec6964c0 of 68 bytes failed: Only part of a ReadProcessMemory or WriteProcessMemory request was completed. (0x12B)
[0820/234154.407:ERROR:process_memory_win.cc(73)] ReadMemory at 0x240ec697360 of 132 bytes failed: Only part of a ReadProcessMemory or WriteProcessMemory request was completed. (0x12B)
[0820/234154.408:ERROR:process_memory_win.cc(73)] ReadMemory at 0x240ec6974f0 of 154 bytes failed: Only part of a ReadProcessMemory or WriteProcessMemory request was completed. (0x12B)
[0820/234154.409:ERROR:process_memory_win.cc(73)] ReadMemory at 0x240ec698040 of 132 bytes failed: Only part of a ReadProcessMemory or WriteProcessMemory request was completed. (0x12B)
[0820/234154.409:ERROR:process_memory_win.cc(73)] ReadMemory at 0x240ec698250 of 132 bytes failed: Only part of a ReadProcessMemory or WriteProcessMemory request was completed. (0x12B)
[0820/234154.410:ERROR:process_memory_win.cc(73)] ReadMemory at 0x240ec6983e0 of 60 bytes failed: Only part of a ReadProcessMemory or WriteProcessMemory request was completed. (0x12B)
[0820/234154.411:ERROR:process_memory_win.cc(73)] ReadMemory at 0x240ec698540 of 132 bytes failed: Only part of a ReadProcessMemory or WriteProcessMemory request was completed. (0x12B)
[0820/234154.412:ERROR:process_memory_win.cc(73)] ReadMemory at 0x240ec698670 of 158 bytes failed: Only part of a ReadProcessMemory or WriteProcessMemory request was completed. (0x12B)
[0820/234154.412:ERROR:process_memory_win.cc(73)] ReadMemory at 0x240ec698e30 of 62 bytes failed: Only part of a ReadProcessMemory or WriteProcessMemory request was completed. (0x12B)
[0820/234154.413:ERROR:process_memory_win.cc(73)] ReadMemory at 0x240ec69c520 of 132 bytes failed: Only part of a ReadProcessMemory or WriteProcessMemory request was completed. (0x12B)
[0820/234154.414:ERROR:process_memory_win.cc(73)] ReadMemory at 0x240ec69cde0 of 132 bytes failed: Only part of a ReadProcessMemory or WriteProcessMemory request was completed. (0x12B)
[0820/234154.414:ERROR:process_memory_win.cc(73)] ReadMemory at 0x240ec69cf70 of 80 bytes failed: Only part of a ReadProcessMemory or WriteProcessMemory request was completed. (0x12B)
[0820/234154.415:ERROR:process_memory_win.cc(73)] ReadMemory at 0x240ec69d8a0 of 64 bytes failed: Only part of a ReadProcessMemory or WriteProcessMemory request was completed. (0x12B)
[0820/234154.415:ERROR:process_memory_win.cc(73)] ReadMemory at 0x240ec69d8f0 of 66 bytes failed: Only part of a ReadProcessMemory or WriteProcessMemory request was completed. (0x12B)
[0820/234154.416:ERROR:process_memory_win.cc(73)] ReadMemory at 0x240ec69d990 of 66 bytes failed: Only part of a ReadProcessMemory or WriteProcessMemory request was completed. (0x12B)
[0820/234154.417:ERROR:process_memory_win.cc(73)] ReadMemory at 0x240ec69d9e0 of 60 bytes failed: Only part of a ReadProcessMemory or WriteProcessMemory request was completed. (0x12B)
[0820/234154.417:ERROR:process_memory_win.cc(73)] ReadMemory at 0x240ec69da30 of 60 bytes failed: Only part of a ReadProcessMemory or WriteProcessMemory request was completed. (0x12B)
[0820/234154.418:ERROR:process_memory_win.cc(73)] ReadMemory at 0x240ec69da80 of 60 bytes failed: Only part of a ReadProcessMemory or WriteProcessMemory request was completed. (0x12B)
[0820/234154.419:ERROR:process_memory_win.cc(73)] ReadMemory at 0x240ec69db20 of 62 bytes failed: Only part of a ReadProcessMemory or WriteProcessMemory request was completed. (0x12B)
[0820/234154.419:ERROR:process_memory_win.cc(73)] ReadMemory at 0x240ec69db70 of 62 bytes failed: Only part of a ReadProcessMemory or WriteProcessMemory request was completed. (0x12B)
[0820/234154.420:ERROR:process_memory_win.cc(73)] ReadMemory at 0x240ec69dbc0 of 58 bytes failed: Only part of a ReadProcessMemory or WriteProcessMemory request was completed. (0x12B)
[0820/234154.421:ERROR:process_memory_win.cc(73)] ReadMemory at 0x240ec69dc60 of 64 bytes failed: Only part of a ReadProcessMemory or WriteProcessMemory request was completed. (0x12B)
[0820/234154.421:ERROR:process_memory_win.cc(73)] ReadMemory at 0x240ec69dcb0 of 64 bytes failed: Only part of a ReadProcessMemory or WriteProcessMemory request was completed. (0x12B)
[0820/234154.422:ERROR:process_memory_win.cc(73)] ReadMemory at 0x240ec69dd00 of 58 bytes failed: Only part of a ReadProcessMemory or WriteProcessMemory request was completed. (0x12B)
[0820/234154.422:ERROR:process_memory_win.cc(73)] ReadMemory at 0x240ec69dd50 of 60 bytes failed: Only part of a ReadProcessMemory or WriteProcessMemory request was completed. (0x12B)
[0820/234154.423:ERROR:process_memory_win.cc(73)] ReadMemory at 0x240ec69dda0 of 62 bytes failed: Only part of a ReadProcessMemory or WriteProcessMemory request was completed. (0x12B)
[0820/234154.423:ERROR:process_memory_win.cc(73)] ReadMemory at 0x240ec69ddf0 of 62 bytes failed: Only part of a ReadProcessMemory or WriteProcessMemory request was completed. (0x12B)
[0820/234154.423:ERROR:process_memory_win.cc(73)] ReadMemory at 0x240ec69de40 of 60 bytes failed: Only part of a ReadProcessMemory or WriteProcessMemory request was completed. (0x12B)
[0820/234154.424:ERROR:process_memory_win.cc(73)] ReadMemory at 0x240ec69de90 of 64 bytes failed: Only part of a ReadProcessMemory or WriteProcessMemory request was completed. (0x12B)
[0820/234154.424:ERROR:process_memory_win.cc(73)] ReadMemory at 0x240ec69dee0 of 62 bytes failed: Only part of a ReadProcessMemory or WriteProcessMemory request was completed. (0x12B)
[0820/234154.424:ERROR:process_memory_win.cc(73)] ReadMemory at 0x240ec69df30 of 60 bytes failed: Only part of a ReadProcessMemory or WriteProcessMemory request was completed. (0x12B)
[0820/234154.424:ERROR:process_memory_win.cc(73)] ReadMemory at 0x240ec69df80 of 64 bytes failed: Only part of a ReadProcessMemory or WriteProcessMemory request was completed. (0x12B)
[0820/234154.425:ERROR:process_memory_win.cc(73)] ReadMemory at 0x240ec6a1730 of 54 bytes failed: Only part of a ReadProcessMemory or WriteProcessMemory request was completed. (0x12B)
[0820/234154.425:ERROR:process_memory_win.cc(73)] ReadMemory at 0x240ec6a1d00 of 132 bytes failed: Only part of a ReadProcessMemory or WriteProcessMemory request was completed. (0x12B)
[0820/234154.425:ERROR:process_memory_win.cc(73)] ReadMemory at 0x240ec6a1f60 of 132 bytes failed: Only part of a ReadProcessMemory or WriteProcessMemory request was completed. (0x12B)
[0820/234154.426:ERROR:process_memory_win.cc(73)] ReadMemory at 0x240ec6a2090 of 132 bytes failed: Only part of a ReadProcessMemory or WriteProcessMemory request was completed. (0x12B)
[0820/234154.443:ERROR:process_memory_win.cc(73)] ReadMemory at 0x240ec6a21c0 of 132 bytes failed: Only part of a ReadProcessMemory or WriteProcessMemory request was completed. (0x12B)
[0820/234154.462:ERROR:process_memory_win.cc(73)] ReadMemory at 0x240ec6a22f0 of 132 bytes failed: Only part of a ReadProcessMemory or WriteProcessMemory request was completed. (0x12B)
[0820/234154.497:ERROR:process_memory_win.cc(73)] ReadMemory at 0x240ec6a2420 of 132 bytes failed: Only part of a ReadProcessMemory or WriteProcessMemory request was completed. (0x12B)
[0820/234154.497:ERROR:process_memory_win.cc(73)] ReadMemory at 0x240ec6a2550 of 132 bytes failed: Only part of a ReadProcessMemory or WriteProcessMemory request was completed. (0x12B)
[0820/234154.498:ERROR:process_memory_win.cc(73)] ReadMemory at 0x240ec6a2680 of 132 bytes failed: Only part of a ReadProcessMemory or WriteProcessMemory request was completed. (0x12B)
[0820/234154.498:ERROR:process_memory_win.cc(73)] ReadMemory at 0x240ec6a27b0 of 132 bytes failed: Only part of a ReadProcessMemory or WriteProcessMemory request was completed. (0x12B)
[0820/234154.499:ERROR:process_memory_win.cc(73)] ReadMemory at 0x240ec6a28e0 of 132 bytes failed: Only part of a ReadProcessMemory or WriteProcessMemory request was completed. (0x12B)
[0820/234154.499:ERROR:process_memory_win.cc(73)] ReadMemory at 0x240ec6a2a10 of 132 bytes failed: Only part of a ReadProcessMemory or WriteProcessMemory request was completed. (0x12B)
[0820/234154.499:ERROR:process_memory_win.cc(73)] ReadMemory at 0x240ec6a2b40 of 132 bytes failed: Only part of a ReadProcessMemory or WriteProcessMemory request was completed. (0x12B)
[0820/234154.500:ERROR:process_memory_win.cc(73)] ReadMemory at 0x240ec6a31c0 of 132 bytes failed: Only part of a ReadProcessMemory or WriteProcessMemory request was completed. (0x12B)
[0820/234154.522:ERROR:process_memory_win.cc(73)] ReadMemory at 0x240ec6a32f0 of 132 bytes failed: Only part of a ReadProcessMemory or WriteProcessMemory request was completed. (0x12B)
[0820/234154.536:ERROR:process_memory_win.cc(73)] ReadMemory at 0x240ec6a3820 of 132 bytes failed: Only part of a ReadProcessMemory or WriteProcessMemory request was completed. (0x12B)
[0820/234154.536:ERROR:process_memory_win.cc(73)] ReadMemory at 0x240ec6a3950 of 132 bytes failed: Only part of a ReadProcessMemory or WriteProcessMemory request was completed. (0x12B)
[0820/234154.560:ERROR:process_memory_win.cc(73)] ReadMemory at 0x240ec6a3a80 of 132 bytes failed: Only part of a ReadProcessMemory or WriteProcessMemory request was completed. (0x12B)
[0820/234154.560:ERROR:process_memory_win.cc(73)] ReadMemory at 0x240ec6a4d60 of 64 bytes failed: Only part of a ReadProcessMemory or WriteProcessMemory request was completed. (0x12B)
[0820/234154.560:ERROR:process_memory_win.cc(73)] ReadMemory at 0x240ec6a4ef0 of 64 bytes failed: Only part of a ReadProcessMemory or WriteProcessMemory request was completed. (0x12B)
[0820/234154.560:ERROR:process_memory_win.cc(73)] ReadMemory at 0x240ec6a4f90 of 62 bytes failed: Only part of a ReadProcessMemory or WriteProcessMemory request was completed. (0x12B)
[0820/234154.598:ERROR:process_memory_win.cc(73)] ReadMemory at 0x240ec6a5080 of 62 bytes failed: Only part of a ReadProcessMemory or WriteProcessMemory request was completed. (0x12B)
[0820/234154.599:ERROR:process_memory_win.cc(73)] ReadMemory at 0x240ec6a5210 of 60 bytes failed: Only part of a ReadProcessMemory or WriteProcessMemory request was completed. (0x12B)
[0820/234154.623:ERROR:process_memory_win.cc(73)] ReadMemory at 0x240ec6a53a0 of 62 bytes failed: Only part of a ReadProcessMemory or WriteProcessMemory request was completed. (0x12B)
[0820/234154.623:ERROR:process_memory_win.cc(73)] ReadMemory at 0x240ec6a5760 of 64 bytes failed: Only part of a ReadProcessMemory or WriteProcessMemory request was completed. (0x12B)
[0820/234154.623:ERROR:process_memory_win.cc(73)] ReadMemory at 0x240ec6a5800 of 66 bytes failed: Only part of a ReadProcessMemory or WriteProcessMemory request was completed. (0x12B)
[0820/234154.623:ERROR:process_memory_win.cc(73)] ReadMemory at 0x240ec6a58a0 of 62 bytes failed: Only part of a ReadProcessMemory or WriteProcessMemory request was completed. (0x12B)
[0820/234154.623:ERROR:process_memory_win.cc(73)] ReadMemory at 0x240ec6a5990 of 58 bytes failed: Only part of a ReadProcessMemory or WriteProcessMemory request was completed. (0x12B)
[0820/234154.623:ERROR:process_memory_win.cc(73)] ReadMemory at 0x240ec6a5bc0 of 62 bytes failed: Only part of a ReadProcessMemory or WriteProcessMemory request was completed. (0x12B)
[0820/234154.623:ERROR:process_memory_win.cc(73)] ReadMemory at 0x240ec6a5cb0 of 60 bytes failed: Only part of a ReadProcessMemory or WriteProcessMemory request was completed. (0x12B)
[0820/234154.658:ERROR:process_memory_win.cc(73)] ReadMemory at 0x240ec6aa860 of 76 bytes failed: Only part of a ReadProcessMemory or WriteProcessMemory request was completed. (0x12B)
[0820/234154.658:ERROR:process_memory_win.cc(73)] ReadMemory at 0x240ec6ab000 of 132 bytes failed: Only part of a ReadProcessMemory or WriteProcessMemory request was completed. (0x12B)
[0820/234154.658:ERROR:process_memory_win.cc(73)] ReadMemory at 0x240ec6ab260 of 132 bytes failed: Only part of a ReadProcessMemory or WriteProcessMemory request was completed. (0x12B)
[0820/234154.679:ERROR:process_memory_win.cc(73)] ReadMemory at 0x240ec6ab390 of 132 bytes failed: Only part of a ReadProcessMemory or WriteProcessMemory request was completed. (0x12B)
[0820/234154.680:ERROR:process_memory_win.cc(73)] ReadMemory at 0x240ec6ab5f0 of 132 bytes failed: Only part of a ReadProcessMemory or WriteProcessMemory request was completed. (0x12B)
[0820/234154.680:ERROR:process_memory_win.cc(73)] ReadMemory at 0x240ec6abab0 of 132 bytes failed: Only part of a ReadProcessMemory or WriteProcessMemory request was completed. (0x12B)
[0820/234154.680:ERROR:process_memory_win.cc(73)] ReadMemory at 0x240ec6abbe0 of 132 bytes failed: Only part of a ReadProcessMemory or WriteProcessMemory request was completed. (0x12B)
[0820/234154.700:ERROR:process_memory_win.cc(73)] ReadMemory at 0x240ec6ac0a0 of 132 bytes failed: Only part of a ReadProcessMemory or WriteProcessMemory request was completed. (0x12B)
[0820/234154.747:ERROR:process_memory_win.cc(73)] ReadMemory at 0x240ec6ac1d0 of 132 bytes failed: Only part of a ReadProcessMemory or WriteProcessMemory request was completed. (0x12B)
[0820/234154.766:ERROR:process_memory_win.cc(73)] ReadMemory at 0x240ec6ac300 of 132 bytes failed: Only part of a ReadProcessMemory or WriteProcessMemory request was completed. (0x12B)
[0820/234154.802:ERROR:process_memory_win.cc(73)] ReadMemory at 0x240ec6ac560 of 132 bytes failed: Only part of a ReadProcessMemory or WriteProcessMemory request was completed. (0x12B)
[0820/234154.803:ERROR:process_memory_win.cc(73)] ReadMemory at 0x240ec6ac7c0 of 132 bytes failed: Only part of a ReadProcessMemory or WriteProcessMemory request was completed. (0x12B)
[0820/234154.804:ERROR:process_memory_win.cc(73)] ReadMemory at 0x240ec6aca20 of 132 bytes failed: Only part of a ReadProcessMemory or WriteProcessMemory request was completed. (0x12B)
[0820/234154.805:ERROR:process_memory_win.cc(73)] ReadMemory at 0x240ec6acb50 of 132 bytes failed: Only part of a ReadProcessMemory or WriteProcessMemory request was completed. (0x12B)
[0820/234154.805:ERROR:process_memory_win.cc(73)] ReadMemory at 0x240ec6acc80 of 132 bytes failed: Only part of a ReadProcessMemory or WriteProcessMemory request was completed. (0x12B)
[0820/234154.806:ERROR:process_memory_win.cc(73)] ReadMemory at 0x240ec6c12e0 of 512 bytes failed: Only part of a ReadProcessMemory or WriteProcessMemory request was completed. (0x12B)
[0820/234154.806:ERROR:process_memory_win.cc(73)] ReadMemory at 0x240ec6c2080 of 512 bytes failed: Only part of a ReadProcessMemory or WriteProcessMemory request was completed. (0x12B)
[0820/234154.807:ERROR:process_memory_win.cc(73)] ReadMemory at 0x240ec9d9840 of 896 bytes failed: Only part of a ReadProcessMemory or WriteProcessMemory request was completed. (0x12B)
[0820/234154.808:ERROR:process_memory_win.cc(73)] ReadMemory at 0x240ec9e2d00 of 512 bytes failed: Only part of a ReadProcessMemory or WriteProcessMemory request was completed. (0x12B)
[0820/234154.808:ERROR:process_memory_win.cc(73)] ReadMemory at 0x240ec9eca40 of 512 bytes failed: Only part of a ReadProcessMemory or WriteProcessMemory request was completed. (0x12B)
[0820/234154.809:ERROR:process_memory_win.cc(73)] ReadMemory at 0x240eca00640 of 512 bytes failed: Only part of a ReadProcessMemory or WriteProcessMemory request was completed. (0x12B)
[0820/234154.810:ERROR:process_memory_win.cc(73)] ReadMemory at 0x240eca02dc0 of 712 bytes failed: Only part of a ReadProcessMemory or WriteProcessMemory request was completed. (0x12B)
[0820/234154.811:ERROR:process_memory_win.cc(73)] ReadMemory at 0x240eca2dba0 of 512 bytes failed: Only part of a ReadProcessMemory or WriteProcessMemory request was completed. (0x12B)
[0820/234154.812:ERROR:process_memory_win.cc(73)] ReadMemory at 0x240eca402d8 of 512 bytes failed: Only part of a ReadProcessMemory or WriteProcessMemory request was completed. (0x12B)
[0820/234154.813:ERROR:process_memory_win.cc(73)] ReadMemory at 0x240eca40960 of 1000 bytes failed: Only part of a ReadProcessMemory or WriteProcessMemory request was completed. (0x12B)
[0820/234154.813:ERROR:process_memory_win.cc(73)] ReadMemory at 0x240ecaf37a0 of 512 bytes failed: Only part of a ReadProcessMemory or WriteProcessMemory request was completed. (0x12B)
[0820/234154.814:ERROR:process_memory_win.cc(73)] ReadMemory at 0x240eeaa3840 of 568 bytes failed: Only part of a ReadProcessMemory or WriteProcessMemory request was completed. (0x12B)
[0820/234154.814:ERROR:process_memory_win.cc(73)] ReadMemory at 0x240ef05e430 of 512 bytes failed: Only part of a ReadProcessMemory or WriteProcessMemory request was completed. (0x12B)
[0820/234154.815:ERROR:process_memory_win.cc(73)] ReadMemory at 0x240ef075550 of 512 bytes failed: Only part of a ReadProcessMemory or WriteProcessMemory request was completed. (0x12B)
[0820/234154.815:ERROR:process_memory_win.cc(73)] ReadMemory at 0x240efe16000 of 400 bytes failed: Only part of a ReadProcessMemory or WriteProcessMemory request was completed. (0x12B)
[0820/234154.815:ERROR:process_memory_win.cc(73)] ReadMemory at 0x240efe1cae0 of 512 bytes failed: Only part of a ReadProcessMemory or WriteProcessMemory request was completed. (0x12B)
[0820/234154.816:ERROR:process_memory_win.cc(73)] ReadMemory at 0x39a59d709250 of 512 bytes failed: Only part of a ReadProcessMemory or WriteProcessMemory request was completed. (0x12B)
[0820/234154.816:ERROR:process_memory_win.cc(73)] ReadMemory at 0x473df728c8a0 of 512 bytes failed: Only part of a ReadProcessMemory or WriteProcessMemory request was completed. (0x12B)
[0820/234154.841:ERROR:process_memory_win.cc(73)] ReadMemory at 0x5be679bc00b8 of 512 bytes failed: Only part of a ReadProcessMemory or WriteProcessMemory request was completed. (0x12B)
[0820/234154.841:ERROR:process_memory_win.cc(73)] ReadMemory at 0x6487de42c2b9 of 512 bytes failed: Only part of a ReadProcessMemory or WriteProcessMemory request was completed. (0x12B)
[0820/234154.914:ERROR:process_memory_win.cc(73)] ReadMemory at 0x7cc6403b24c8 of 512 bytes failed: Only part of a ReadProcessMemory or WriteProcessMemory request was completed. (0x12B)
[0820/234154.914:ERROR:process_memory_win.cc(73)] ReadMemory at 0x7ffdd0299872 of 512 bytes failed: Only part of a ReadProcessMemory or WriteProcessMemory request was completed. (0x12B)
[0820/234154.914:ERROR:process_memory_win.cc(73)] ReadMemory at 0x7ffdd063dff0 of 512 bytes failed: Only part of a ReadProcessMemory or WriteProcessMemory request was completed. (0x12B)
[0820/234154.914:ERROR:process_memory_win.cc(73)] ReadMemory at 0x7ffdd19d4a1c of 512 bytes failed: Only part of a ReadProcessMemory or WriteProcessMemory request was completed. (0x12B)
[0820/234154.915:ERROR:process_memory_win.cc(73)] ReadMemory at 0x7ffdd494f910 of 512 bytes failed: Only part of a ReadProcessMemory or WriteProcessMemory request was completed. (0x12B)
[0820/234154.915:ERROR:process_memory_win.cc(73)] ReadMemory at 0x7ffdf6f3580a of 512 bytes failed: Only part of a ReadProcessMemory or WriteProcessMemory request was completed. (0x12B)
[0820/234154.915:ERROR:process_memory_win.cc(73)] ReadMemory at 0x7ffdf6f36061 of 512 bytes failed: Only part of a ReadProcessMemory or WriteProcessMemory request was completed. (0x12B)
[0820/234154.915:ERROR:process_memory_win.cc(73)] ReadMemory at 0x7ffe26280e00 of 512 bytes failed: Only part of a ReadProcessMemory or WriteProcessMemory request was completed. (0x12B)
[0820/234154.915:ERROR:process_memory_win.cc(73)] ReadMemory at 0x7ffe283479f0 of 512 bytes failed: Only part of a ReadProcessMemory or WriteProcessMemory request was completed. (0x12B)
[0820/234154.915:ERROR:process_memory_win.cc(73)] ReadMemory at 0x7ffe283482e0 of 512 bytes failed: Only part of a ReadProcessMemory or WriteProcessMemory request was completed. (0x12B)
[0820/234154.998:ERROR:process_memory_win.cc(73)] ReadMemory at 0x7ffe2834a0d0 of 512 bytes failed: Only part of a ReadProcessMemory or WriteProcessMemory request was completed. (0x12B)
[0820/234154.999:ERROR:process_memory_win.cc(73)] ReadMemory at 0x7ffe283ba9a4 of 672 bytes failed: Only part of a ReadProcessMemory or WriteProcessMemory request was completed. (0x12B)
[0820/234155.000:ERROR:process_memory_win.cc(73)] ReadMemory at 0x7ffe283be214 of 608 bytes failed: Only part of a ReadProcessMemory or WriteProcessMemory request was completed. (0x12B)
[0820/234155.000:ERROR:process_memory_win.cc(73)] ReadMemory at 0x7ffe284401e0 of 18 bytes failed: Only part of a ReadProcessMemory or WriteProcessMemory request was completed. (0x12B)
[0820/234155.058:ERROR:process_memory_win.cc(73)] ReadMemory at 0x7ffe284765b0 of 40 bytes failed: Only part of a ReadProcessMemory or WriteProcessMemory request was completed. (0x12B)
[0820/234155.058:ERROR:process_memory_win.cc(73)] ReadMemory at 0x7ffe28476a08 of 48 bytes failed: Only part of a ReadProcessMemory or WriteProcessMemory request was completed. (0x12B)
[0820/234155.058:ERROR:process_memory_win.cc(73)] ReadMemory at 0x7ffe2847c360 of 64 bytes failed: Only part of a ReadProcessMemory or WriteProcessMemory request was completed. (0x12B)
[0820/234155.252:ERROR:scoped_process_suspend.cc(40)] NtResumeProcess: An attempt was made to access an exiting process. (0xc000010a)
